INFO [2024-01-03 14:57:53] $x
INFO [2024-01-03 14:57:53] gene_list
INFO [2024-01-03 14:57:53] 
INFO [2024-01-03 14:57:53] $fill
INFO [2024-01-03 14:57:53] c("blue", "red", "green")
INFO [2024-01-03 14:57:53] 
INFO [2024-01-03 14:57:53] $cat.col
INFO [2024-01-03 14:57:53] c("blue", "red", "green")
INFO [2024-01-03 14:57:53] 
INFO [2024-01-03 14:57:53] $cex
INFO [2024-01-03 14:57:53] [1] 2
INFO [2024-01-03 14:57:53] 
INFO [2024-01-03 14:57:53] $lty
INFO [2024-01-03 14:57:53] [1] "blank"
INFO [2024-01-03 14:57:53] 
INFO [2024-01-03 14:57:53] $cat.cex
INFO [2024-01-03 14:57:53] [1] 2
INFO [2024-01-03 14:57:53] 
INFO [2024-01-03 14:57:53] $filename
INFO [2024-01-03 14:57:53] NULL
INFO [2024-01-03 14:57:53] 
ERROR [2024-01-03 14:57:53] Unexpected parameter length for "fill"
