INFO [2023-07-07 15:43:45] $x
INFO [2023-07-07 15:43:45] gene_list
INFO [2023-07-07 15:43:45] 
INFO [2023-07-07 15:43:45] $fill
INFO [2023-07-07 15:43:45] c("blue", "red", "green")
INFO [2023-07-07 15:43:45] 
INFO [2023-07-07 15:43:45] $cat.col
INFO [2023-07-07 15:43:45] c("blue", "red", "green")
INFO [2023-07-07 15:43:45] 
INFO [2023-07-07 15:43:45] $cex
INFO [2023-07-07 15:43:45] [1] 2
INFO [2023-07-07 15:43:45] 
INFO [2023-07-07 15:43:45] $lty
INFO [2023-07-07 15:43:45] [1] "blank"
INFO [2023-07-07 15:43:45] 
INFO [2023-07-07 15:43:45] $cat.cex
INFO [2023-07-07 15:43:45] [1] 2
INFO [2023-07-07 15:43:45] 
INFO [2023-07-07 15:43:45] $filename
INFO [2023-07-07 15:43:45] NULL
INFO [2023-07-07 15:43:45] 
