INFO [2024-01-03 16:36:50] $x
INFO [2024-01-03 16:36:50] gene_list
INFO [2024-01-03 16:36:50] 
INFO [2024-01-03 16:36:50] $filename
INFO [2024-01-03 16:36:50] NULL
INFO [2024-01-03 16:36:50] 
INFO [2024-01-03 16:36:50] $fill
INFO [2024-01-03 16:36:50] c("blue", "red", "green", "yellow")
INFO [2024-01-03 16:36:50] 
INFO [2024-01-03 16:36:50] $cat.col
INFO [2024-01-03 16:36:50] c("blue", "red", "green", "yellow")
INFO [2024-01-03 16:36:50] 
INFO [2024-01-03 16:36:50] $cex
INFO [2024-01-03 16:36:50] [1] 2
INFO [2024-01-03 16:36:50] 
INFO [2024-01-03 16:36:50] $lty
INFO [2024-01-03 16:36:50] [1] "blank"
INFO [2024-01-03 16:36:50] 
INFO [2024-01-03 16:36:50] $cat.cex
INFO [2024-01-03 16:36:50] [1] 2
INFO [2024-01-03 16:36:50] 
ERROR [2024-01-03 16:36:50] Unexpected parameter length for "fill"
