INFO [2024-01-03 15:19:04] $x
INFO [2024-01-03 15:19:04] gene_list
INFO [2024-01-03 15:19:04] 
INFO [2024-01-03 15:19:04] $filename
INFO [2024-01-03 15:19:04] NULL
INFO [2024-01-03 15:19:04] 
INFO [2024-01-03 15:19:04] $fill
INFO [2024-01-03 15:19:04] c("blue", "red", "green", "yellow")
INFO [2024-01-03 15:19:04] 
INFO [2024-01-03 15:19:04] $cat.col
INFO [2024-01-03 15:19:04] c("blue", "red", "green", "yellow")
INFO [2024-01-03 15:19:04] 
INFO [2024-01-03 15:19:04] $cex
INFO [2024-01-03 15:19:04] [1] 2
INFO [2024-01-03 15:19:04] 
INFO [2024-01-03 15:19:04] $lty
INFO [2024-01-03 15:19:04] [1] "blank"
INFO [2024-01-03 15:19:04] 
INFO [2024-01-03 15:19:04] $cat.cex
INFO [2024-01-03 15:19:04] [1] 2
INFO [2024-01-03 15:19:04] 
