INFO [2024-01-03 16:34:44] $x
INFO [2024-01-03 16:34:44] gene_list
INFO [2024-01-03 16:34:44] 
INFO [2024-01-03 16:34:44] $filename
INFO [2024-01-03 16:34:44] NULL
INFO [2024-01-03 16:34:44] 
INFO [2024-01-03 16:34:44] $fill
INFO [2024-01-03 16:34:44] c("blue", "red", "green", "yellow")
INFO [2024-01-03 16:34:44] 
INFO [2024-01-03 16:34:44] $cat.col
INFO [2024-01-03 16:34:44] c("blue", "red", "green", "yellow")
INFO [2024-01-03 16:34:44] 
INFO [2024-01-03 16:34:44] $cex
INFO [2024-01-03 16:34:44] [1] 2
INFO [2024-01-03 16:34:44] 
INFO [2024-01-03 16:34:44] $lty
INFO [2024-01-03 16:34:44] [1] "blank"
INFO [2024-01-03 16:34:44] 
INFO [2024-01-03 16:34:44] $cat.cex
INFO [2024-01-03 16:34:44] [1] 2
INFO [2024-01-03 16:34:44] 
