INFO [2024-01-03 14:58:06] $x
INFO [2024-01-03 14:58:06] gene_list
INFO [2024-01-03 14:58:06] 
INFO [2024-01-03 14:58:06] $fill
INFO [2024-01-03 14:58:06] c("blue", "red")
INFO [2024-01-03 14:58:06] 
INFO [2024-01-03 14:58:06] $cat.col
INFO [2024-01-03 14:58:06] c("blue", "red")
INFO [2024-01-03 14:58:06] 
INFO [2024-01-03 14:58:06] $cex
INFO [2024-01-03 14:58:06] [1] 2
INFO [2024-01-03 14:58:06] 
INFO [2024-01-03 14:58:06] $lty
INFO [2024-01-03 14:58:06] [1] "blank"
INFO [2024-01-03 14:58:06] 
INFO [2024-01-03 14:58:06] $cat.cex
INFO [2024-01-03 14:58:06] [1] 2
INFO [2024-01-03 14:58:06] 
INFO [2024-01-03 14:58:06] $filename
INFO [2024-01-03 14:58:06] NULL
INFO [2024-01-03 14:58:06] 
